<?xml version="1.0" encoding="UTF-8"?>
<!-- Generated by org.testng.reporters.JUnitReportReporter -->
<testsuite hostname="SIGNIFI-308" failures="0" tests="4" name="api.test.UserTests" time="5.535" errors="0" timestamp="2023-08-17T10:34:46 EDT" skipped="0">
  <testcase classname="api.test.UserTests" name="testpostUser" time="4.110"/>
  <testcase classname="api.test.UserTests" name="testgetuser" time="0.184"/>
  <testcase classname="api.test.UserTests" name="testupdateuser" time="0.394"/>
  <testcase classname="api.test.UserTests" name="testdelete" time="0.847"/>
</testsuite> <!-- api.test.UserTests -->
