<?xml version="1.0" encoding="UTF-8"?>
<!-- Generated by org.testng.reporters.JUnitReportReporter -->
<testsuite hostname="SIGNIFI-308" failures="0" tests="4" name="api.test.UserTests2" time="2.963" errors="0" timestamp="2023-08-18T22:38:49 EDT" skipped="0">
  <testcase classname="api.test.UserTests2" name="testpostUser" time="2.108"/>
  <testcase classname="api.test.UserTests2" name="testgetuser" time="0.239"/>
  <testcase classname="api.test.UserTests2" name="testupdateuser" time="0.420"/>
  <testcase classname="api.test.UserTests2" name="testdelete" time="0.196"/>
</testsuite> <!-- api.test.UserTests2 -->
