<?xml version="1.0" encoding="UTF-8"?>
<!-- Generated by org.testng.reporters.JUnitReportReporter -->
<testsuite hostname="SIGNIFI-308" failures="0" tests="6" name="api.test.DDTests" time="2.926" errors="0" timestamp="2023-08-16T22:13:56 EDT" skipped="0">
  <testcase classname="api.test.DDTests" name="testPostUser" time="1.897"/>
  <testcase classname="api.test.DDTests" name="testPostUser" time="0.223"/>
  <testcase classname="api.test.DDTests" name="testPostUser" time="0.201"/>
  <testcase classname="api.test.DDTests" name="testDeleteUser" time="0.227"/>
  <testcase classname="api.test.DDTests" name="testDeleteUser" time="0.192"/>
  <testcase classname="api.test.DDTests" name="testDeleteUser" time="0.186"/>
</testsuite> <!-- api.test.DDTests -->
